[2025-04-13 15:12:45Z INFO HostContext] No proxy settings were found based on environmental variables (http_proxy/https_proxy/HTTP_PROXY/HTTPS_PROXY)
[2025-04-13 15:12:45Z INFO HostContext] Well known directory 'Bin': 'E:\gitactions\actions-runner\bin'
[2025-04-13 15:12:45Z INFO HostContext] Well known directory 'Root': 'E:\gitactions\actions-runner'
[2025-04-13 15:12:45Z INFO HostContext] Well known config file 'Credentials': 'E:\gitactions\actions-runner\.credentials'
[2025-04-13 15:12:45Z INFO HostContext] Well known directory 'Bin': 'E:\gitactions\actions-runner\bin'
[2025-04-13 15:12:45Z INFO HostContext] Well known directory 'Root': 'E:\gitactions\actions-runner'
[2025-04-13 15:12:45Z INFO HostContext] Well known config file 'Runner': 'E:\gitactions\actions-runner\.runner'
[2025-04-13 15:12:45Z INFO Listener] Runner is built for Windows (X64) - win-x64.
[2025-04-13 15:12:45Z INFO Listener] RuntimeInformation: Microsoft Windows 10.0.19045.
[2025-04-13 15:12:45Z INFO Listener] Version: 2.323.0
[2025-04-13 15:12:45Z INFO Listener] Commit: d8b82f44a9ec0258904d5869ae683c31d5aac299
[2025-04-13 15:12:45Z INFO Listener] Culture: en-IN
[2025-04-13 15:12:45Z INFO Listener] UI Culture: en-US
[2025-04-13 15:12:45Z INFO HostContext] Well known directory 'Bin': 'E:\gitactions\actions-runner\bin'
[2025-04-13 15:12:45Z INFO HostContext] Well known directory 'Root': 'E:\gitactions\actions-runner'
[2025-04-13 15:12:45Z INFO Listener] Validating directory permissions for: 'E:\gitactions\actions-runner'
[2025-04-13 15:12:45Z INFO CommandLineParser] Parse
[2025-04-13 15:12:45Z INFO CommandLineParser] Parsing 1 args
[2025-04-13 15:12:45Z INFO CommandLineParser] parsing argument
[2025-04-13 15:12:45Z INFO CommandLineParser] HasArgs: False
[2025-04-13 15:12:45Z INFO CommandLineParser] Adding Command: run
[2025-04-13 15:12:45Z INFO Listener] Arguments parsed
[2025-04-13 15:12:45Z INFO Runner] ExecuteCommand
[2025-04-13 15:12:45Z INFO ConfigurationStore] currentAssemblyLocation: E:\gitactions\actions-runner\bin\Runner.Listener.dll
[2025-04-13 15:12:45Z INFO HostContext] Well known directory 'Bin': 'E:\gitactions\actions-runner\bin'
[2025-04-13 15:12:45Z INFO ConfigurationStore] binPath: E:\gitactions\actions-runner\bin
[2025-04-13 15:12:45Z INFO HostContext] Well known directory 'Bin': 'E:\gitactions\actions-runner\bin'
[2025-04-13 15:12:45Z INFO HostContext] Well known directory 'Root': 'E:\gitactions\actions-runner'
[2025-04-13 15:12:45Z INFO ConfigurationStore] RootFolder: E:\gitactions\actions-runner
[2025-04-13 15:12:45Z INFO HostContext] Well known directory 'Bin': 'E:\gitactions\actions-runner\bin'
[2025-04-13 15:12:45Z INFO HostContext] Well known directory 'Root': 'E:\gitactions\actions-runner'
[2025-04-13 15:12:45Z INFO HostContext] Well known config file 'Runner': 'E:\gitactions\actions-runner\.runner'
[2025-04-13 15:12:45Z INFO ConfigurationStore] ConfigFilePath: E:\gitactions\actions-runner\.runner
[2025-04-13 15:12:45Z INFO HostContext] Well known directory 'Bin': 'E:\gitactions\actions-runner\bin'
[2025-04-13 15:12:45Z INFO HostContext] Well known directory 'Root': 'E:\gitactions\actions-runner'
[2025-04-13 15:12:45Z INFO HostContext] Well known config file 'MigratedRunner': 'E:\gitactions\actions-runner\.runner_migrated'
[2025-04-13 15:12:45Z INFO ConfigurationStore] MigratedConfigFilePath: E:\gitactions\actions-runner\.runner_migrated
[2025-04-13 15:12:45Z INFO HostContext] Well known directory 'Bin': 'E:\gitactions\actions-runner\bin'
[2025-04-13 15:12:45Z INFO HostContext] Well known directory 'Root': 'E:\gitactions\actions-runner'
[2025-04-13 15:12:45Z INFO HostContext] Well known config file 'Credentials': 'E:\gitactions\actions-runner\.credentials'
[2025-04-13 15:12:45Z INFO ConfigurationStore] CredFilePath: E:\gitactions\actions-runner\.credentials
[2025-04-13 15:12:45Z INFO HostContext] Well known directory 'Bin': 'E:\gitactions\actions-runner\bin'
[2025-04-13 15:12:45Z INFO HostContext] Well known directory 'Root': 'E:\gitactions\actions-runner'
[2025-04-13 15:12:45Z INFO HostContext] Well known config file 'MigratedCredentials': 'E:\gitactions\actions-runner\.credentials_migrated'
[2025-04-13 15:12:45Z INFO ConfigurationStore] MigratedCredFilePath: E:\gitactions\actions-runner\.credentials_migrated
[2025-04-13 15:12:45Z INFO HostContext] Well known directory 'Bin': 'E:\gitactions\actions-runner\bin'
[2025-04-13 15:12:45Z INFO HostContext] Well known directory 'Root': 'E:\gitactions\actions-runner'
[2025-04-13 15:12:45Z INFO HostContext] Well known config file 'Service': 'E:\gitactions\actions-runner\.service'
[2025-04-13 15:12:45Z INFO ConfigurationStore] ServiceConfigFilePath: E:\gitactions\actions-runner\.service
[2025-04-13 15:12:45Z INFO CommandSettings] Flag 'help': 'False'
[2025-04-13 15:12:45Z INFO CommandSettings] Flag 'version': 'False'
[2025-04-13 15:12:45Z INFO CommandSettings] Flag 'commit': 'False'
[2025-04-13 15:12:45Z INFO CommandSettings] Flag 'check': 'False'
[2025-04-13 15:12:45Z INFO CommandSettings] Command 'configure': 'False'
[2025-04-13 15:12:45Z INFO CommandSettings] Command 'remove': 'False'
[2025-04-13 15:12:45Z INFO CommandSettings] Command 'warmup': 'False'
[2025-04-13 15:12:45Z INFO ConfigurationManager] LoadSettings
[2025-04-13 15:12:45Z INFO ConfigurationStore] IsConfigured()
[2025-04-13 15:12:45Z INFO ConfigurationStore] IsConfigured: True
[2025-04-13 15:12:45Z INFO ConfigurationManager] Is configured: True
[2025-04-13 15:12:45Z INFO ConfigurationStore] Read setting file: 316 chars
[2025-04-13 15:12:45Z INFO ConfigurationManager] Settings Loaded
[2025-04-13 15:12:45Z INFO ConfigurationStore] IsServiceConfigured()
[2025-04-13 15:12:45Z INFO ConfigurationStore] IsServiceConfigured: True
[2025-04-13 15:12:45Z INFO CommandSettings] Command 'run': 'True'
[2025-04-13 15:12:45Z INFO ConfigurationStore] IsConfigured()
[2025-04-13 15:12:45Z INFO ConfigurationStore] IsConfigured: True
[2025-04-13 15:12:45Z INFO ConfigurationManager] Is configured: True
[2025-04-13 15:12:45Z INFO Runner] Try determine runner startup type base on console redirects.
[2025-04-13 15:12:45Z INFO Runner] Set runner startup type - Manual
[2025-04-13 15:12:45Z INFO CommandSettings] Flag 'once': 'False'
[2025-04-13 15:12:45Z INFO CommandSettings] Flag 'once': 'False'
[2025-04-13 15:12:45Z INFO Runner] RunAsync
[2025-04-13 15:12:45Z INFO ConfigurationManager] LoadSettings
[2025-04-13 15:12:45Z INFO ConfigurationStore] IsConfigured()
[2025-04-13 15:12:45Z INFO ConfigurationStore] IsConfigured: True
[2025-04-13 15:12:45Z INFO ConfigurationManager] Is configured: True
[2025-04-13 15:12:45Z INFO ConfigurationManager] Settings Loaded
[2025-04-13 15:12:45Z INFO MessageListener] {
  "AgentId": 22,
  "AgentName": "sandy-runner",
  "PoolId": 1,
  "PoolName": "Default",
  "ServerUrl": "https://pipelinesghubeus26.actions.githubusercontent.com/gRTGRm5GewqDL6a2vxHprAOwkbdnBzfx3ZggNgc0mh6qMOTX2e/",
  "GitHubUrl": "https://github.com/rsandeep45/helm-nginx-deploy",
  "WorkFolder": "_work"
}
[2025-04-13 15:12:45Z INFO MessageListener] Loading Credentials
[2025-04-13 15:12:45Z INFO ConfigurationStore] HasCredentials()
[2025-04-13 15:12:45Z INFO ConfigurationStore] stored True
[2025-04-13 15:12:45Z INFO CredentialManager] GetCredentialProvider
[2025-04-13 15:12:45Z INFO CredentialManager] Creating type OAuth
[2025-04-13 15:12:45Z INFO CredentialManager] Creating credential type: OAuth
[2025-04-13 15:12:45Z INFO HostContext] Well known directory 'Bin': 'E:\gitactions\actions-runner\bin'
[2025-04-13 15:12:45Z INFO HostContext] Well known directory 'Root': 'E:\gitactions\actions-runner'
[2025-04-13 15:12:45Z INFO HostContext] Well known config file 'RSACredentials': 'E:\gitactions\actions-runner\.credentials_rsaparams'
[2025-04-13 15:12:45Z INFO RSAEncryptedFileKeyManager] Loading RSA key parameters from file E:\gitactions\actions-runner\.credentials_rsaparams
[2025-04-13 15:12:45Z INFO MessageListener] Attempt to create session.
[2025-04-13 15:12:45Z INFO MessageListener] Connecting to the Runner Server...
[2025-04-13 15:12:45Z INFO RunnerServer] EstablishVssConnection
[2025-04-13 15:12:45Z INFO RunnerServer] Establish connection with 100 seconds timeout.
[2025-04-13 15:12:45Z INFO GitHubActionsService] Starting operation Location.GetConnectionData
[2025-04-13 15:12:45Z INFO RunnerServer] EstablishVssConnection
[2025-04-13 15:12:45Z INFO RunnerServer] Establish connection with 60 seconds timeout.
[2025-04-13 15:12:45Z INFO GitHubActionsService] Starting operation Location.GetConnectionData
[2025-04-13 15:12:45Z INFO RunnerServer] EstablishVssConnection
[2025-04-13 15:12:45Z INFO RunnerServer] Establish connection with 60 seconds timeout.
[2025-04-13 15:12:45Z INFO GitHubActionsService] Starting operation Location.GetConnectionData
[2025-04-13 15:12:46Z INFO GitHubActionsService] Finished operation Location.GetConnectionData
[2025-04-13 15:12:46Z INFO GitHubActionsService] Finished operation Location.GetConnectionData
[2025-04-13 15:12:46Z INFO GitHubActionsService] Finished operation Location.GetConnectionData
[2025-04-13 15:12:47Z INFO MessageListener] VssConnection created
[2025-04-13 15:12:47Z INFO Terminal] WRITE LINE: 
[2025-04-13 15:12:47Z INFO Terminal] WRITE LINE: 
[2025-04-13 15:12:47Z INFO RSAEncryptedFileKeyManager] Loading RSA key parameters from file E:\gitactions\actions-runner\.credentials_rsaparams
[2025-04-13 15:12:47Z INFO RSAEncryptedFileKeyManager] Loading RSA key parameters from file E:\gitactions\actions-runner\.credentials_rsaparams
[2025-04-13 15:12:48Z INFO GitHubActionsService] AAD Correlation ID for this token request: Unknown
[2025-04-13 15:12:48Z ERR  GitHubActionsService] POST request to https://pipelinesghubeus26.actions.githubusercontent.com/gRTGRm5GewqDL6a2vxHprAOwkbdnBzfx3ZggNgc0mh6qMOTX2e/_apis/distributedtask/pools/1/sessions failed. HTTP Status: Conflict
[2025-04-13 15:12:48Z ERR  MessageListener] Catch exception during create session.
[2025-04-13 15:12:48Z ERR  MessageListener] GitHub.DistributedTask.WebApi.TaskAgentSessionConflictException: The actions runner sandy-runner already has an active session.
   at GitHub.Services.WebApi.VssHttpClientBase.HandleResponseAsync(HttpResponseMessage response, CancellationToken cancellationToken)
   at GitHub.Services.WebApi.VssHttpClientBase.SendAsync(HttpRequestMessage message, HttpCompletionOption completionOption, Object userState, CancellationToken cancellationToken)
   at GitHub.Services.WebApi.VssHttpClientBase.SendAsync[T](HttpRequestMessage message, Object userState, CancellationToken cancellationToken)
   at GitHub.Services.WebApi.VssHttpClientBase.SendAsync[T](HttpMethod method, IEnumerable`1 additionalHeaders, Guid locationId, Object routeValues, ApiResourceVersion version, HttpContent content, IEnumerable`1 queryParameters, Object userState, CancellationToken cancellationToken)
   at GitHub.Runner.Listener.MessageListener.CreateSessionAsync(CancellationToken token)
[2025-04-13 15:12:48Z INFO MessageListener] The session for this runner already exists.
[2025-04-13 15:12:48Z ERR  Terminal] WRITE ERROR: A session for this runner already exists.
[2025-04-13 15:12:48Z INFO MessageListener] The session conflict exception haven't reached retry limit.
[2025-04-13 15:12:48Z ERR  Terminal] WRITE ERROR: 2025-04-13 15:12:48Z: Runner connect error: The actions runner sandy-runner already has an active session.. Retrying until reconnected.
[2025-04-13 15:12:48Z INFO MessageListener] Sleeping for 30 seconds before retrying.
[2025-04-13 15:13:18Z INFO MessageListener] Attempt to create session.
[2025-04-13 15:13:18Z INFO MessageListener] Connecting to the Runner Server...
[2025-04-13 15:13:18Z INFO RunnerServer] EstablishVssConnection
[2025-04-13 15:13:18Z INFO RunnerServer] Establish connection with 100 seconds timeout.
[2025-04-13 15:13:18Z INFO GitHubActionsService] Starting operation Location.GetConnectionData
[2025-04-13 15:13:18Z INFO RunnerServer] EstablishVssConnection
[2025-04-13 15:13:18Z INFO RunnerServer] Establish connection with 60 seconds timeout.
[2025-04-13 15:13:18Z INFO GitHubActionsService] Starting operation Location.GetConnectionData
[2025-04-13 15:13:18Z INFO RunnerServer] EstablishVssConnection
[2025-04-13 15:13:18Z INFO RunnerServer] Establish connection with 60 seconds timeout.
[2025-04-13 15:13:18Z INFO GitHubActionsService] Starting operation Location.GetConnectionData
[2025-04-13 15:13:19Z INFO GitHubActionsService] Finished operation Location.GetConnectionData
[2025-04-13 15:13:19Z INFO GitHubActionsService] Finished operation Location.GetConnectionData
[2025-04-13 15:13:19Z INFO GitHubActionsService] Finished operation Location.GetConnectionData
[2025-04-13 15:13:19Z INFO MessageListener] VssConnection created
[2025-04-13 15:13:19Z INFO Terminal] WRITE LINE: 
[2025-04-13 15:13:19Z INFO Terminal] WRITE LINE: 
[2025-04-13 15:13:19Z ERR  GitHubActionsService] POST request to https://pipelinesghubeus26.actions.githubusercontent.com/gRTGRm5GewqDL6a2vxHprAOwkbdnBzfx3ZggNgc0mh6qMOTX2e/_apis/distributedtask/pools/1/sessions failed. HTTP Status: Conflict
[2025-04-13 15:13:19Z ERR  MessageListener] Catch exception during create session.
[2025-04-13 15:13:19Z ERR  MessageListener] GitHub.DistributedTask.WebApi.TaskAgentSessionConflictException: The actions runner sandy-runner already has an active session.
   at GitHub.Services.WebApi.VssHttpClientBase.HandleResponseAsync(HttpResponseMessage response, CancellationToken cancellationToken)
   at GitHub.Services.WebApi.VssHttpClientBase.SendAsync(HttpRequestMessage message, HttpCompletionOption completionOption, Object userState, CancellationToken cancellationToken)
   at GitHub.Services.WebApi.VssHttpClientBase.SendAsync[T](HttpRequestMessage message, Object userState, CancellationToken cancellationToken)
   at GitHub.Services.WebApi.VssHttpClientBase.SendAsync[T](HttpMethod method, IEnumerable`1 additionalHeaders, Guid locationId, Object routeValues, ApiResourceVersion version, HttpContent content, IEnumerable`1 queryParameters, Object userState, CancellationToken cancellationToken)
   at GitHub.Runner.Listener.MessageListener.CreateSessionAsync(CancellationToken token)
[2025-04-13 15:13:19Z INFO MessageListener] The session for this runner already exists.
[2025-04-13 15:13:19Z ERR  Terminal] WRITE ERROR: A session for this runner already exists.
[2025-04-13 15:13:19Z INFO MessageListener] The session conflict exception haven't reached retry limit.
[2025-04-13 15:13:19Z INFO MessageListener] Sleeping for 30 seconds before retrying.
[2025-04-13 15:13:49Z INFO MessageListener] Attempt to create session.
[2025-04-13 15:13:49Z INFO MessageListener] Connecting to the Runner Server...
[2025-04-13 15:13:49Z INFO RunnerServer] EstablishVssConnection
[2025-04-13 15:13:49Z INFO RunnerServer] Establish connection with 100 seconds timeout.
[2025-04-13 15:13:49Z INFO GitHubActionsService] Starting operation Location.GetConnectionData
[2025-04-13 15:13:49Z INFO RunnerServer] EstablishVssConnection
[2025-04-13 15:13:49Z INFO RunnerServer] Establish connection with 60 seconds timeout.
[2025-04-13 15:13:49Z INFO GitHubActionsService] Starting operation Location.GetConnectionData
[2025-04-13 15:13:49Z INFO RunnerServer] EstablishVssConnection
[2025-04-13 15:13:49Z INFO RunnerServer] Establish connection with 60 seconds timeout.
[2025-04-13 15:13:49Z INFO GitHubActionsService] Starting operation Location.GetConnectionData
[2025-04-13 15:13:50Z INFO GitHubActionsService] Finished operation Location.GetConnectionData
[2025-04-13 15:13:50Z INFO GitHubActionsService] Finished operation Location.GetConnectionData
[2025-04-13 15:13:50Z INFO GitHubActionsService] Finished operation Location.GetConnectionData
[2025-04-13 15:13:50Z INFO MessageListener] VssConnection created
[2025-04-13 15:13:50Z INFO Terminal] WRITE LINE: 
[2025-04-13 15:13:50Z INFO Terminal] WRITE LINE: 
[2025-04-13 15:13:50Z ERR  GitHubActionsService] POST request to https://pipelinesghubeus26.actions.githubusercontent.com/gRTGRm5GewqDL6a2vxHprAOwkbdnBzfx3ZggNgc0mh6qMOTX2e/_apis/distributedtask/pools/1/sessions failed. HTTP Status: Conflict
[2025-04-13 15:13:50Z ERR  MessageListener] Catch exception during create session.
[2025-04-13 15:13:50Z ERR  MessageListener] GitHub.DistributedTask.WebApi.TaskAgentSessionConflictException: The actions runner sandy-runner already has an active session.
   at GitHub.Services.WebApi.VssHttpClientBase.HandleResponseAsync(HttpResponseMessage response, CancellationToken cancellationToken)
   at GitHub.Services.WebApi.VssHttpClientBase.SendAsync(HttpRequestMessage message, HttpCompletionOption completionOption, Object userState, CancellationToken cancellationToken)
   at GitHub.Services.WebApi.VssHttpClientBase.SendAsync[T](HttpRequestMessage message, Object userState, CancellationToken cancellationToken)
   at GitHub.Services.WebApi.VssHttpClientBase.SendAsync[T](HttpMethod method, IEnumerable`1 additionalHeaders, Guid locationId, Object routeValues, ApiResourceVersion version, HttpContent content, IEnumerable`1 queryParameters, Object userState, CancellationToken cancellationToken)
   at GitHub.Runner.Listener.MessageListener.CreateSessionAsync(CancellationToken token)
[2025-04-13 15:13:50Z INFO MessageListener] The session for this runner already exists.
[2025-04-13 15:13:50Z ERR  Terminal] WRITE ERROR: A session for this runner already exists.
[2025-04-13 15:13:50Z INFO MessageListener] The session conflict exception haven't reached retry limit.
[2025-04-13 15:13:50Z INFO MessageListener] Sleeping for 30 seconds before retrying.
[2025-04-13 15:14:20Z INFO MessageListener] Attempt to create session.
[2025-04-13 15:14:20Z INFO MessageListener] Connecting to the Runner Server...
[2025-04-13 15:14:20Z INFO RunnerServer] EstablishVssConnection
[2025-04-13 15:14:20Z INFO RunnerServer] Establish connection with 100 seconds timeout.
[2025-04-13 15:14:20Z INFO GitHubActionsService] Starting operation Location.GetConnectionData
[2025-04-13 15:14:20Z INFO RunnerServer] EstablishVssConnection
[2025-04-13 15:14:20Z INFO RunnerServer] Establish connection with 60 seconds timeout.
[2025-04-13 15:14:20Z INFO GitHubActionsService] Starting operation Location.GetConnectionData
[2025-04-13 15:14:20Z INFO RunnerServer] EstablishVssConnection
[2025-04-13 15:14:20Z INFO RunnerServer] Establish connection with 60 seconds timeout.
[2025-04-13 15:14:20Z INFO GitHubActionsService] Starting operation Location.GetConnectionData
[2025-04-13 15:14:21Z INFO GitHubActionsService] Finished operation Location.GetConnectionData
[2025-04-13 15:14:21Z INFO GitHubActionsService] Finished operation Location.GetConnectionData
[2025-04-13 15:14:21Z INFO GitHubActionsService] Finished operation Location.GetConnectionData
[2025-04-13 15:14:21Z INFO MessageListener] VssConnection created
[2025-04-13 15:14:21Z INFO Terminal] WRITE LINE: 
[2025-04-13 15:14:21Z INFO Terminal] WRITE LINE: 
[2025-04-13 15:14:22Z ERR  GitHubActionsService] POST request to https://pipelinesghubeus26.actions.githubusercontent.com/gRTGRm5GewqDL6a2vxHprAOwkbdnBzfx3ZggNgc0mh6qMOTX2e/_apis/distributedtask/pools/1/sessions failed. HTTP Status: Conflict
[2025-04-13 15:14:22Z ERR  MessageListener] Catch exception during create session.
[2025-04-13 15:14:22Z ERR  MessageListener] GitHub.DistributedTask.WebApi.TaskAgentSessionConflictException: The actions runner sandy-runner already has an active session.
   at GitHub.Services.WebApi.VssHttpClientBase.HandleResponseAsync(HttpResponseMessage response, CancellationToken cancellationToken)
   at GitHub.Services.WebApi.VssHttpClientBase.SendAsync(HttpRequestMessage message, HttpCompletionOption completionOption, Object userState, CancellationToken cancellationToken)
   at GitHub.Services.WebApi.VssHttpClientBase.SendAsync[T](HttpRequestMessage message, Object userState, CancellationToken cancellationToken)
   at GitHub.Services.WebApi.VssHttpClientBase.SendAsync[T](HttpMethod method, IEnumerable`1 additionalHeaders, Guid locationId, Object routeValues, ApiResourceVersion version, HttpContent content, IEnumerable`1 queryParameters, Object userState, CancellationToken cancellationToken)
   at GitHub.Runner.Listener.MessageListener.CreateSessionAsync(CancellationToken token)
[2025-04-13 15:14:22Z INFO MessageListener] The session for this runner already exists.
[2025-04-13 15:14:22Z ERR  Terminal] WRITE ERROR: A session for this runner already exists.
[2025-04-13 15:14:22Z INFO MessageListener] The session conflict exception haven't reached retry limit.
[2025-04-13 15:14:22Z INFO MessageListener] Sleeping for 30 seconds before retrying.
[2025-04-13 15:14:40Z INFO Terminal] WRITE LINE: Exiting...
[2025-04-13 15:14:40Z INFO ConfigurationStore] IsServiceConfigured()
[2025-04-13 15:14:40Z INFO ConfigurationStore] IsServiceConfigured: True
[2025-04-13 15:14:40Z INFO Runner] Received Ctrl-C signal, stop Runner.Listener and Runner.Worker.
[2025-04-13 15:14:40Z INFO HostContext] Runner will be shutdown for UserCancelled
[2025-04-13 15:14:40Z INFO Listener] Runner execution been cancelled.
