[2025-04-13 14:56:47Z INFO HostContext] No proxy settings were found based on environmental variables (http_proxy/https_proxy/HTTP_PROXY/HTTPS_PROXY)
[2025-04-13 14:56:47Z INFO HostContext] Well known directory 'Bin': 'E:\gitactions\actions-runner\bin'
[2025-04-13 14:56:47Z INFO HostContext] Well known directory 'Root': 'E:\gitactions\actions-runner'
[2025-04-13 14:56:47Z INFO HostContext] Well known config file 'Credentials': 'E:\gitactions\actions-runner\.credentials'
[2025-04-13 14:56:47Z INFO HostContext] Well known directory 'Bin': 'E:\gitactions\actions-runner\bin'
[2025-04-13 14:56:47Z INFO HostContext] Well known directory 'Root': 'E:\gitactions\actions-runner'
[2025-04-13 14:56:47Z INFO HostContext] Well known config file 'Runner': 'E:\gitactions\actions-runner\.runner'
[2025-04-13 14:56:47Z INFO Listener] Runner is built for Windows (X64) - win-x64.
[2025-04-13 14:56:47Z INFO Listener] RuntimeInformation: Microsoft Windows 10.0.19045.
[2025-04-13 14:56:47Z INFO Listener] Version: 2.323.0
[2025-04-13 14:56:47Z INFO Listener] Commit: d8b82f44a9ec0258904d5869ae683c31d5aac299
[2025-04-13 14:56:47Z INFO Listener] Culture: en-IN
[2025-04-13 14:56:47Z INFO Listener] UI Culture: en-US
[2025-04-13 14:56:47Z INFO HostContext] Well known directory 'Bin': 'E:\gitactions\actions-runner\bin'
[2025-04-13 14:56:47Z INFO HostContext] Well known directory 'Root': 'E:\gitactions\actions-runner'
[2025-04-13 14:56:47Z INFO Listener] Validating directory permissions for: 'E:\gitactions\actions-runner'
[2025-04-13 14:56:47Z INFO CommandLineParser] Parse
[2025-04-13 14:56:47Z INFO CommandLineParser] Parsing 3 args
[2025-04-13 14:56:47Z INFO CommandLineParser] parsing argument
[2025-04-13 14:56:47Z INFO CommandLineParser] HasArgs: False
[2025-04-13 14:56:47Z INFO CommandLineParser] Adding Command: run
[2025-04-13 14:56:47Z INFO CommandLineParser] parsing argument
[2025-04-13 14:56:47Z INFO CommandLineParser] HasArgs: True
[2025-04-13 14:56:47Z INFO CommandLineParser] arg: startuptype
[2025-04-13 14:56:47Z INFO CommandLineParser] parsing argument
[2025-04-13 14:56:47Z INFO CommandLineParser] HasArgs: True
[2025-04-13 14:56:47Z INFO CommandLineParser] Adding option 'startuptype': 'service'
[2025-04-13 14:56:47Z INFO Listener] Arguments parsed
[2025-04-13 14:56:47Z INFO Runner] ExecuteCommand
[2025-04-13 14:56:47Z INFO ConfigurationStore] currentAssemblyLocation: E:\gitactions\actions-runner\bin\Runner.Listener.dll
[2025-04-13 14:56:47Z INFO HostContext] Well known directory 'Bin': 'E:\gitactions\actions-runner\bin'
[2025-04-13 14:56:47Z INFO ConfigurationStore] binPath: E:\gitactions\actions-runner\bin
[2025-04-13 14:56:47Z INFO HostContext] Well known directory 'Bin': 'E:\gitactions\actions-runner\bin'
[2025-04-13 14:56:47Z INFO HostContext] Well known directory 'Root': 'E:\gitactions\actions-runner'
[2025-04-13 14:56:47Z INFO ConfigurationStore] RootFolder: E:\gitactions\actions-runner
[2025-04-13 14:56:47Z INFO HostContext] Well known directory 'Bin': 'E:\gitactions\actions-runner\bin'
[2025-04-13 14:56:47Z INFO HostContext] Well known directory 'Root': 'E:\gitactions\actions-runner'
[2025-04-13 14:56:47Z INFO HostContext] Well known config file 'Runner': 'E:\gitactions\actions-runner\.runner'
[2025-04-13 14:56:47Z INFO ConfigurationStore] ConfigFilePath: E:\gitactions\actions-runner\.runner
[2025-04-13 14:56:47Z INFO HostContext] Well known directory 'Bin': 'E:\gitactions\actions-runner\bin'
[2025-04-13 14:56:47Z INFO HostContext] Well known directory 'Root': 'E:\gitactions\actions-runner'
[2025-04-13 14:56:47Z INFO HostContext] Well known config file 'MigratedRunner': 'E:\gitactions\actions-runner\.runner_migrated'
[2025-04-13 14:56:47Z INFO ConfigurationStore] MigratedConfigFilePath: E:\gitactions\actions-runner\.runner_migrated
[2025-04-13 14:56:47Z INFO HostContext] Well known directory 'Bin': 'E:\gitactions\actions-runner\bin'
[2025-04-13 14:56:47Z INFO HostContext] Well known directory 'Root': 'E:\gitactions\actions-runner'
[2025-04-13 14:56:47Z INFO HostContext] Well known config file 'Credentials': 'E:\gitactions\actions-runner\.credentials'
[2025-04-13 14:56:47Z INFO ConfigurationStore] CredFilePath: E:\gitactions\actions-runner\.credentials
[2025-04-13 14:56:47Z INFO HostContext] Well known directory 'Bin': 'E:\gitactions\actions-runner\bin'
[2025-04-13 14:56:47Z INFO HostContext] Well known directory 'Root': 'E:\gitactions\actions-runner'
[2025-04-13 14:56:47Z INFO HostContext] Well known config file 'MigratedCredentials': 'E:\gitactions\actions-runner\.credentials_migrated'
[2025-04-13 14:56:47Z INFO ConfigurationStore] MigratedCredFilePath: E:\gitactions\actions-runner\.credentials_migrated
[2025-04-13 14:56:47Z INFO HostContext] Well known directory 'Bin': 'E:\gitactions\actions-runner\bin'
[2025-04-13 14:56:47Z INFO HostContext] Well known directory 'Root': 'E:\gitactions\actions-runner'
[2025-04-13 14:56:47Z INFO HostContext] Well known config file 'Service': 'E:\gitactions\actions-runner\.service'
[2025-04-13 14:56:47Z INFO ConfigurationStore] ServiceConfigFilePath: E:\gitactions\actions-runner\.service
[2025-04-13 14:56:47Z INFO CommandSettings] Flag 'help': 'False'
[2025-04-13 14:56:47Z INFO CommandSettings] Flag 'version': 'False'
[2025-04-13 14:56:47Z INFO CommandSettings] Flag 'commit': 'False'
[2025-04-13 14:56:47Z INFO CommandSettings] Flag 'check': 'False'
[2025-04-13 14:56:47Z INFO CommandSettings] Command 'configure': 'False'
[2025-04-13 14:56:47Z INFO CommandSettings] Command 'remove': 'False'
[2025-04-13 14:56:47Z INFO CommandSettings] Command 'warmup': 'False'
[2025-04-13 14:56:47Z INFO ConfigurationManager] LoadSettings
[2025-04-13 14:56:47Z INFO ConfigurationStore] IsConfigured()
[2025-04-13 14:56:47Z INFO ConfigurationStore] IsConfigured: True
[2025-04-13 14:56:47Z INFO ConfigurationManager] Is configured: True
[2025-04-13 14:56:47Z INFO ConfigurationStore] Read setting file: 316 chars
[2025-04-13 14:56:47Z INFO ConfigurationManager] Settings Loaded
[2025-04-13 14:56:47Z INFO ConfigurationStore] IsServiceConfigured()
[2025-04-13 14:56:47Z INFO ConfigurationStore] IsServiceConfigured: True
[2025-04-13 14:56:47Z INFO CommandSettings] Command 'run': 'True'
[2025-04-13 14:56:47Z INFO ConfigurationStore] IsConfigured()
[2025-04-13 14:56:47Z INFO ConfigurationStore] IsConfigured: True
[2025-04-13 14:56:47Z INFO ConfigurationManager] Is configured: True
[2025-04-13 14:56:47Z INFO Runner] Set runner startup type - Service
[2025-04-13 14:56:47Z INFO CommandSettings] Flag 'once': 'False'
[2025-04-13 14:56:47Z INFO CommandSettings] Flag 'once': 'False'
[2025-04-13 14:56:47Z INFO Runner] RunAsync
[2025-04-13 14:56:47Z INFO ConfigurationManager] LoadSettings
[2025-04-13 14:56:47Z INFO ConfigurationStore] IsConfigured()
[2025-04-13 14:56:47Z INFO ConfigurationStore] IsConfigured: True
[2025-04-13 14:56:47Z INFO ConfigurationManager] Is configured: True
[2025-04-13 14:56:47Z INFO ConfigurationManager] Settings Loaded
[2025-04-13 14:56:47Z INFO MessageListener] {
  "AgentId": 22,
  "AgentName": "sandy-runner",
  "PoolId": 1,
  "PoolName": "Default",
  "ServerUrl": "https://pipelinesghubeus26.actions.githubusercontent.com/gRTGRm5GewqDL6a2vxHprAOwkbdnBzfx3ZggNgc0mh6qMOTX2e/",
  "GitHubUrl": "https://github.com/rsandeep45/helm-nginx-deploy",
  "WorkFolder": "_work"
}
[2025-04-13 14:56:47Z INFO MessageListener] Loading Credentials
[2025-04-13 14:56:47Z INFO ConfigurationStore] HasCredentials()
[2025-04-13 14:56:47Z INFO ConfigurationStore] stored True
[2025-04-13 14:56:47Z INFO CredentialManager] GetCredentialProvider
[2025-04-13 14:56:47Z INFO CredentialManager] Creating type OAuth
[2025-04-13 14:56:47Z INFO CredentialManager] Creating credential type: OAuth
[2025-04-13 14:56:47Z INFO HostContext] Well known directory 'Bin': 'E:\gitactions\actions-runner\bin'
[2025-04-13 14:56:47Z INFO HostContext] Well known directory 'Root': 'E:\gitactions\actions-runner'
[2025-04-13 14:56:47Z INFO HostContext] Well known config file 'RSACredentials': 'E:\gitactions\actions-runner\.credentials_rsaparams'
[2025-04-13 14:56:47Z INFO RSAEncryptedFileKeyManager] Loading RSA key parameters from file E:\gitactions\actions-runner\.credentials_rsaparams
[2025-04-13 14:56:47Z INFO MessageListener] Attempt to create session.
[2025-04-13 14:56:47Z INFO MessageListener] Connecting to the Runner Server...
[2025-04-13 14:56:47Z INFO RunnerServer] EstablishVssConnection
[2025-04-13 14:56:47Z INFO RunnerServer] Establish connection with 100 seconds timeout.
[2025-04-13 14:56:47Z INFO GitHubActionsService] Starting operation Location.GetConnectionData
[2025-04-13 14:56:47Z INFO RunnerServer] EstablishVssConnection
[2025-04-13 14:56:47Z INFO RunnerServer] Establish connection with 60 seconds timeout.
[2025-04-13 14:56:47Z INFO GitHubActionsService] Starting operation Location.GetConnectionData
[2025-04-13 14:56:47Z INFO RunnerServer] EstablishVssConnection
[2025-04-13 14:56:47Z INFO RunnerServer] Establish connection with 60 seconds timeout.
[2025-04-13 14:56:47Z INFO GitHubActionsService] Starting operation Location.GetConnectionData
[2025-04-13 14:56:49Z INFO GitHubActionsService] Finished operation Location.GetConnectionData
[2025-04-13 14:56:49Z INFO GitHubActionsService] Finished operation Location.GetConnectionData
[2025-04-13 14:56:49Z INFO GitHubActionsService] Finished operation Location.GetConnectionData
[2025-04-13 14:56:49Z INFO MessageListener] VssConnection created
[2025-04-13 14:56:49Z INFO Terminal] WRITE LINE: 
[2025-04-13 14:56:49Z INFO Terminal] WRITE LINE: 
[2025-04-13 14:56:49Z INFO RSAEncryptedFileKeyManager] Loading RSA key parameters from file E:\gitactions\actions-runner\.credentials_rsaparams
[2025-04-13 14:56:49Z INFO RSAEncryptedFileKeyManager] Loading RSA key parameters from file E:\gitactions\actions-runner\.credentials_rsaparams
[2025-04-13 14:56:50Z INFO GitHubActionsService] AAD Correlation ID for this token request: Unknown
[2025-04-13 14:56:51Z INFO MessageListener] Session created.
[2025-04-13 14:56:51Z INFO Terminal] WRITE LINE: Current runner version: '2.323.0'
[2025-04-13 14:56:51Z INFO Terminal] WRITE LINE: 2025-04-13 14:56:51Z: Listening for Jobs
[2025-04-13 14:56:51Z INFO JobDispatcher] Set runner/worker IPC timeout to 30 seconds.
[2025-04-13 14:56:51Z INFO RSAEncryptedFileKeyManager] Loading RSA key parameters from file E:\gitactions\actions-runner\.credentials_rsaparams
[2025-04-13 14:56:52Z INFO GitHubActionsService] AAD Correlation ID for this token request: Unknown
[2025-04-13 14:58:04Z INFO MessageListener] Message '6935401394302487654' received from session '121a5041-0bee-4bd7-931d-c600a972f03d'.
[2025-04-13 14:58:04Z INFO ConfigurationStore] HasCredentials()
[2025-04-13 14:58:04Z INFO ConfigurationStore] stored True
[2025-04-13 14:58:04Z INFO CredentialManager] GetCredentialProvider
[2025-04-13 14:58:04Z INFO CredentialManager] Creating type OAuth
[2025-04-13 14:58:04Z INFO CredentialManager] Creating credential type: OAuth
[2025-04-13 14:58:04Z INFO RSAEncryptedFileKeyManager] Loading RSA key parameters from file E:\gitactions\actions-runner\.credentials_rsaparams
[2025-04-13 14:58:04Z INFO RSAEncryptedFileKeyManager] Loading RSA key parameters from file E:\gitactions\actions-runner\.credentials_rsaparams
[2025-04-13 14:58:04Z INFO RSAEncryptedFileKeyManager] Loading RSA key parameters from file E:\gitactions\actions-runner\.credentials_rsaparams
[2025-04-13 14:58:05Z INFO GitHubActionsService] AAD Correlation ID for this token request: Unknown
[2025-04-13 14:58:06Z INFO JobDispatcher] Job request 0 for plan 2e1e7c2f-d1ce-44a0-abb6-716a0a0bcfef job e9d4952e-5236-585a-a707-39b6d6ad2799 received.
[2025-04-13 14:58:06Z INFO MessageListener] Received job status event. JobState: Busy
[2025-04-13 14:58:06Z INFO MessageListener] _getMessagesTokenSource is already disposed.
[2025-04-13 14:58:06Z INFO Terminal] WRITE LINE: 2025-04-13 14:58:06Z: Running job: deploy
[2025-04-13 14:58:06Z INFO JobDispatcher] Start renew job request 0 for job e9d4952e-5236-585a-a707-39b6d6ad2799.
[2025-04-13 14:58:07Z INFO JobDispatcher] Successfully renew job e9d4952e-5236-585a-a707-39b6d6ad2799, job is valid till 13-04-2025 15:08:07
[2025-04-13 14:58:07Z INFO HostContext] Well known directory 'Bin': 'E:\gitactions\actions-runner\bin'
[2025-04-13 14:58:07Z INFO ProcessInvokerWrapper] Starting process:
[2025-04-13 14:58:07Z INFO ProcessInvokerWrapper]   File name: 'E:\gitactions\actions-runner\bin\Runner.Worker.exe'
[2025-04-13 14:58:07Z INFO ProcessInvokerWrapper]   Arguments: 'spawnclient 1360 2128'
[2025-04-13 14:58:07Z INFO ProcessInvokerWrapper]   Working directory: 'E:\gitactions\actions-runner\bin'
[2025-04-13 14:58:07Z INFO ProcessInvokerWrapper]   Require exit code zero: 'False'
[2025-04-13 14:58:07Z INFO ProcessInvokerWrapper]   Encoding web name:  ; code page: ''
[2025-04-13 14:58:07Z INFO ProcessInvokerWrapper]   Force kill process on cancellation: 'True'
[2025-04-13 14:58:07Z INFO ProcessInvokerWrapper]   Redirected STDIN: 'False'
[2025-04-13 14:58:07Z INFO ProcessInvokerWrapper]   Persist current code page: 'False'
[2025-04-13 14:58:07Z INFO ProcessInvokerWrapper]   Keep redirected STDIN open: 'False'
[2025-04-13 14:58:07Z INFO ProcessInvokerWrapper]   High priority process: 'True'
[2025-04-13 14:58:07Z INFO ProcessInvokerWrapper] Process started with process id 14028, waiting for process exit.
[2025-04-13 14:58:07Z INFO JobDispatcher] Send job request message to worker for job e9d4952e-5236-585a-a707-39b6d6ad2799.
[2025-04-13 14:58:08Z INFO ProcessChannel] Sending message of length 18843, with hash '41eb3b0925f9c945e972a1dd7b5e6662f1dc78cc7edfef22fb71e175551f8bb8'
[2025-04-13 14:58:09Z INFO JobNotification] Entering JobStarted Notification
[2025-04-13 14:58:09Z INFO JobNotification] Entering StartMonitor
[2025-04-13 14:58:29Z INFO ProcessInvokerWrapper] STDOUT/STDERR stream read finished.
[2025-04-13 14:58:29Z INFO ProcessInvokerWrapper] STDOUT/STDERR stream read finished.
[2025-04-13 14:58:29Z INFO ProcessInvokerWrapper] Finished process 14028 with exit code 102, and elapsed time 00:00:21.4584429.
[2025-04-13 14:58:29Z INFO JobDispatcher] Worker finished for job e9d4952e-5236-585a-a707-39b6d6ad2799. Code: 102
[2025-04-13 14:58:29Z INFO JobDispatcher] finish job request for job e9d4952e-5236-585a-a707-39b6d6ad2799 with result: Failed
[2025-04-13 14:58:29Z INFO Terminal] WRITE LINE: 2025-04-13 14:58:29Z: Job deploy completed with result: Failed
[2025-04-13 14:58:29Z INFO JobDispatcher] Stop renew job request for job e9d4952e-5236-585a-a707-39b6d6ad2799.
[2025-04-13 14:58:29Z INFO JobDispatcher] job renew has been cancelled, stop renew job e9d4952e-5236-585a-a707-39b6d6ad2799.
[2025-04-13 14:58:29Z INFO JobNotification] Entering JobCompleted Notification
[2025-04-13 14:58:29Z INFO JobNotification] Entering EndMonitor
[2025-04-13 14:58:29Z INFO MessageListener] Received job status event. JobState: Online
