[2025-04-13 14:39:59Z INFO HostContext] No proxy settings were found based on environmental variables (http_proxy/https_proxy/HTTP_PROXY/HTTPS_PROXY)
[2025-04-13 14:39:59Z INFO HostContext] Well known directory 'Bin': 'E:\gitactions\actions-runner\bin'
[2025-04-13 14:39:59Z INFO HostContext] Well known directory 'Root': 'E:\gitactions\actions-runner'
[2025-04-13 14:39:59Z INFO HostContext] Well known config file 'Credentials': 'E:\gitactions\actions-runner\.credentials'
[2025-04-13 14:40:00Z INFO HostContext] Well known directory 'Bin': 'E:\gitactions\actions-runner\bin'
[2025-04-13 14:40:00Z INFO HostContext] Well known directory 'Root': 'E:\gitactions\actions-runner'
[2025-04-13 14:40:00Z INFO HostContext] Well known config file 'Runner': 'E:\gitactions\actions-runner\.runner'
[2025-04-13 14:40:00Z INFO Listener] Runner is built for Windows (X64) - win-x64.
[2025-04-13 14:40:00Z INFO Listener] RuntimeInformation: Microsoft Windows 10.0.19045.
[2025-04-13 14:40:00Z INFO Listener] Version: 2.323.0
[2025-04-13 14:40:00Z INFO Listener] Commit: d8b82f44a9ec0258904d5869ae683c31d5aac299
[2025-04-13 14:40:00Z INFO Listener] Culture: en-IN
[2025-04-13 14:40:00Z INFO Listener] UI Culture: en-US
[2025-04-13 14:40:00Z INFO HostContext] Well known directory 'Bin': 'E:\gitactions\actions-runner\bin'
[2025-04-13 14:40:00Z INFO HostContext] Well known directory 'Root': 'E:\gitactions\actions-runner'
[2025-04-13 14:40:00Z INFO Listener] Validating directory permissions for: 'E:\gitactions\actions-runner'
[2025-04-13 14:40:00Z INFO CommandLineParser] Parse
[2025-04-13 14:40:00Z INFO CommandLineParser] Parsing 1 args
[2025-04-13 14:40:00Z INFO CommandLineParser] parsing argument
[2025-04-13 14:40:00Z INFO CommandLineParser] HasArgs: False
[2025-04-13 14:40:00Z INFO CommandLineParser] Adding Command: remove
[2025-04-13 14:40:00Z INFO Listener] Arguments parsed
[2025-04-13 14:40:00Z INFO Runner] ExecuteCommand
[2025-04-13 14:40:00Z INFO ConfigurationStore] currentAssemblyLocation: E:\gitactions\actions-runner\bin\Runner.Listener.dll
[2025-04-13 14:40:00Z INFO HostContext] Well known directory 'Bin': 'E:\gitactions\actions-runner\bin'
[2025-04-13 14:40:00Z INFO ConfigurationStore] binPath: E:\gitactions\actions-runner\bin
[2025-04-13 14:40:00Z INFO HostContext] Well known directory 'Bin': 'E:\gitactions\actions-runner\bin'
[2025-04-13 14:40:00Z INFO HostContext] Well known directory 'Root': 'E:\gitactions\actions-runner'
[2025-04-13 14:40:00Z INFO ConfigurationStore] RootFolder: E:\gitactions\actions-runner
[2025-04-13 14:40:00Z INFO HostContext] Well known directory 'Bin': 'E:\gitactions\actions-runner\bin'
[2025-04-13 14:40:00Z INFO HostContext] Well known directory 'Root': 'E:\gitactions\actions-runner'
[2025-04-13 14:40:00Z INFO HostContext] Well known config file 'Runner': 'E:\gitactions\actions-runner\.runner'
[2025-04-13 14:40:00Z INFO ConfigurationStore] ConfigFilePath: E:\gitactions\actions-runner\.runner
[2025-04-13 14:40:00Z INFO HostContext] Well known directory 'Bin': 'E:\gitactions\actions-runner\bin'
[2025-04-13 14:40:00Z INFO HostContext] Well known directory 'Root': 'E:\gitactions\actions-runner'
[2025-04-13 14:40:00Z INFO HostContext] Well known config file 'MigratedRunner': 'E:\gitactions\actions-runner\.runner_migrated'
[2025-04-13 14:40:00Z INFO ConfigurationStore] MigratedConfigFilePath: E:\gitactions\actions-runner\.runner_migrated
[2025-04-13 14:40:00Z INFO HostContext] Well known directory 'Bin': 'E:\gitactions\actions-runner\bin'
[2025-04-13 14:40:00Z INFO HostContext] Well known directory 'Root': 'E:\gitactions\actions-runner'
[2025-04-13 14:40:00Z INFO HostContext] Well known config file 'Credentials': 'E:\gitactions\actions-runner\.credentials'
[2025-04-13 14:40:00Z INFO ConfigurationStore] CredFilePath: E:\gitactions\actions-runner\.credentials
[2025-04-13 14:40:00Z INFO HostContext] Well known directory 'Bin': 'E:\gitactions\actions-runner\bin'
[2025-04-13 14:40:00Z INFO HostContext] Well known directory 'Root': 'E:\gitactions\actions-runner'
[2025-04-13 14:40:00Z INFO HostContext] Well known config file 'MigratedCredentials': 'E:\gitactions\actions-runner\.credentials_migrated'
[2025-04-13 14:40:00Z INFO ConfigurationStore] MigratedCredFilePath: E:\gitactions\actions-runner\.credentials_migrated
[2025-04-13 14:40:00Z INFO HostContext] Well known directory 'Bin': 'E:\gitactions\actions-runner\bin'
[2025-04-13 14:40:00Z INFO HostContext] Well known directory 'Root': 'E:\gitactions\actions-runner'
[2025-04-13 14:40:00Z INFO HostContext] Well known config file 'Service': 'E:\gitactions\actions-runner\.service'
[2025-04-13 14:40:00Z INFO ConfigurationStore] ServiceConfigFilePath: E:\gitactions\actions-runner\.service
[2025-04-13 14:40:00Z INFO CommandSettings] Flag 'help': 'False'
[2025-04-13 14:40:00Z INFO CommandSettings] Flag 'version': 'False'
[2025-04-13 14:40:00Z INFO CommandSettings] Flag 'commit': 'False'
[2025-04-13 14:40:00Z INFO CommandSettings] Flag 'check': 'False'
[2025-04-13 14:40:00Z INFO CommandSettings] Command 'configure': 'False'
[2025-04-13 14:40:00Z INFO CommandSettings] Command 'remove': 'True'
[2025-04-13 14:40:00Z INFO CommandSettings] Flag 'local': 'False'
[2025-04-13 14:40:00Z INFO ConfigurationStore] IsServiceConfigured()
[2025-04-13 14:40:00Z INFO ConfigurationStore] IsServiceConfigured: False
[2025-04-13 14:40:00Z INFO ConfigurationStore] IsConfigured()
[2025-04-13 14:40:00Z INFO ConfigurationStore] IsConfigured: True
[2025-04-13 14:40:00Z INFO ConfigurationStore] HasCredentials()
[2025-04-13 14:40:00Z INFO ConfigurationStore] stored True
[2025-04-13 14:40:00Z INFO ConfigurationStore] Read setting file: 319 chars
[2025-04-13 14:40:00Z INFO CommandSettings] Arg 'token': ''
[2025-04-13 14:40:00Z INFO CommandSettings] Flag 'unattended': 'False'
[2025-04-13 14:40:00Z INFO PromptManager] ReadValue
[2025-04-13 14:40:00Z INFO Terminal] WRITE: Enter runner remove token: 
[2025-04-13 14:40:00Z INFO Terminal] READ SECRET
[2025-04-13 14:40:19Z INFO Terminal] Read value: ''
[2025-04-13 14:40:19Z INFO Terminal] WRITE: Enter runner remove token: 
[2025-04-13 14:40:19Z INFO Terminal] READ SECRET
[2025-04-13 14:40:39Z INFO Terminal] Read value: ''
[2025-04-13 14:40:39Z INFO Terminal] WRITE: Enter runner remove token: 
[2025-04-13 14:40:39Z INFO Terminal] READ SECRET
[2025-04-13 14:40:42Z INFO Terminal] Read value: ''
[2025-04-13 14:40:42Z INFO Terminal] WRITE: Enter runner remove token: 
[2025-04-13 14:40:42Z INFO Terminal] READ SECRET
