[2025-04-13 14:34:21Z INFO HostContext] No proxy settings were found based on environmental variables (http_proxy/https_proxy/HTTP_PROXY/HTTPS_PROXY)
[2025-04-13 14:34:21Z INFO HostContext] Well known directory 'Bin': 'E:\gitactions\actions-runner\bin'
[2025-04-13 14:34:21Z INFO HostContext] Well known directory 'Root': 'E:\gitactions\actions-runner'
[2025-04-13 14:34:21Z INFO HostContext] Well known config file 'Credentials': 'E:\gitactions\actions-runner\.credentials'
[2025-04-13 14:34:21Z INFO HostContext] Well known directory 'Bin': 'E:\gitactions\actions-runner\bin'
[2025-04-13 14:34:21Z INFO HostContext] Well known directory 'Root': 'E:\gitactions\actions-runner'
[2025-04-13 14:34:21Z INFO HostContext] Well known config file 'Runner': 'E:\gitactions\actions-runner\.runner'
[2025-04-13 14:34:21Z INFO Listener] Runner is built for Windows (X64) - win-x64.
[2025-04-13 14:34:21Z INFO Listener] RuntimeInformation: Microsoft Windows 10.0.19045.
[2025-04-13 14:34:21Z INFO Listener] Version: 2.323.0
[2025-04-13 14:34:21Z INFO Listener] Commit: d8b82f44a9ec0258904d5869ae683c31d5aac299
[2025-04-13 14:34:21Z INFO Listener] Culture: en-IN
[2025-04-13 14:34:21Z INFO Listener] UI Culture: en-US
[2025-04-13 14:34:21Z INFO HostContext] Well known directory 'Bin': 'E:\gitactions\actions-runner\bin'
[2025-04-13 14:34:21Z INFO HostContext] Well known directory 'Root': 'E:\gitactions\actions-runner'
[2025-04-13 14:34:21Z INFO Listener] Validating directory permissions for: 'E:\gitactions\actions-runner'
[2025-04-13 14:34:21Z INFO CommandLineParser] Parse
[2025-04-13 14:34:21Z INFO CommandLineParser] Parsing 1 args
[2025-04-13 14:34:21Z INFO CommandLineParser] parsing argument
[2025-04-13 14:34:21Z INFO CommandLineParser] HasArgs: False
[2025-04-13 14:34:21Z INFO CommandLineParser] Adding Command: run
[2025-04-13 14:34:21Z INFO Listener] Arguments parsed
[2025-04-13 14:34:21Z INFO Runner] ExecuteCommand
[2025-04-13 14:34:21Z INFO ConfigurationStore] currentAssemblyLocation: E:\gitactions\actions-runner\bin\Runner.Listener.dll
[2025-04-13 14:34:21Z INFO HostContext] Well known directory 'Bin': 'E:\gitactions\actions-runner\bin'
[2025-04-13 14:34:21Z INFO ConfigurationStore] binPath: E:\gitactions\actions-runner\bin
[2025-04-13 14:34:21Z INFO HostContext] Well known directory 'Bin': 'E:\gitactions\actions-runner\bin'
[2025-04-13 14:34:21Z INFO HostContext] Well known directory 'Root': 'E:\gitactions\actions-runner'
[2025-04-13 14:34:21Z INFO ConfigurationStore] RootFolder: E:\gitactions\actions-runner
[2025-04-13 14:34:21Z INFO HostContext] Well known directory 'Bin': 'E:\gitactions\actions-runner\bin'
[2025-04-13 14:34:21Z INFO HostContext] Well known directory 'Root': 'E:\gitactions\actions-runner'
[2025-04-13 14:34:21Z INFO HostContext] Well known config file 'Runner': 'E:\gitactions\actions-runner\.runner'
[2025-04-13 14:34:21Z INFO ConfigurationStore] ConfigFilePath: E:\gitactions\actions-runner\.runner
[2025-04-13 14:34:21Z INFO HostContext] Well known directory 'Bin': 'E:\gitactions\actions-runner\bin'
[2025-04-13 14:34:21Z INFO HostContext] Well known directory 'Root': 'E:\gitactions\actions-runner'
[2025-04-13 14:34:21Z INFO HostContext] Well known config file 'MigratedRunner': 'E:\gitactions\actions-runner\.runner_migrated'
[2025-04-13 14:34:21Z INFO ConfigurationStore] MigratedConfigFilePath: E:\gitactions\actions-runner\.runner_migrated
[2025-04-13 14:34:21Z INFO HostContext] Well known directory 'Bin': 'E:\gitactions\actions-runner\bin'
[2025-04-13 14:34:21Z INFO HostContext] Well known directory 'Root': 'E:\gitactions\actions-runner'
[2025-04-13 14:34:21Z INFO HostContext] Well known config file 'Credentials': 'E:\gitactions\actions-runner\.credentials'
[2025-04-13 14:34:21Z INFO ConfigurationStore] CredFilePath: E:\gitactions\actions-runner\.credentials
[2025-04-13 14:34:21Z INFO HostContext] Well known directory 'Bin': 'E:\gitactions\actions-runner\bin'
[2025-04-13 14:34:21Z INFO HostContext] Well known directory 'Root': 'E:\gitactions\actions-runner'
[2025-04-13 14:34:21Z INFO HostContext] Well known config file 'MigratedCredentials': 'E:\gitactions\actions-runner\.credentials_migrated'
[2025-04-13 14:34:21Z INFO ConfigurationStore] MigratedCredFilePath: E:\gitactions\actions-runner\.credentials_migrated
[2025-04-13 14:34:21Z INFO HostContext] Well known directory 'Bin': 'E:\gitactions\actions-runner\bin'
[2025-04-13 14:34:21Z INFO HostContext] Well known directory 'Root': 'E:\gitactions\actions-runner'
[2025-04-13 14:34:21Z INFO HostContext] Well known config file 'Service': 'E:\gitactions\actions-runner\.service'
[2025-04-13 14:34:21Z INFO ConfigurationStore] ServiceConfigFilePath: E:\gitactions\actions-runner\.service
[2025-04-13 14:34:21Z INFO CommandSettings] Flag 'help': 'False'
[2025-04-13 14:34:21Z INFO CommandSettings] Flag 'version': 'False'
[2025-04-13 14:34:21Z INFO CommandSettings] Flag 'commit': 'False'
[2025-04-13 14:34:21Z INFO CommandSettings] Flag 'check': 'False'
[2025-04-13 14:34:21Z INFO CommandSettings] Command 'configure': 'False'
[2025-04-13 14:34:21Z INFO CommandSettings] Command 'remove': 'False'
[2025-04-13 14:34:21Z INFO CommandSettings] Command 'warmup': 'False'
[2025-04-13 14:34:21Z INFO ConfigurationManager] LoadSettings
[2025-04-13 14:34:21Z INFO ConfigurationStore] IsConfigured()
[2025-04-13 14:34:21Z INFO ConfigurationStore] IsConfigured: True
[2025-04-13 14:34:21Z INFO ConfigurationManager] Is configured: True
[2025-04-13 14:34:21Z INFO ConfigurationStore] Read setting file: 319 chars
[2025-04-13 14:34:21Z INFO ConfigurationManager] Settings Loaded
[2025-04-13 14:34:21Z INFO ConfigurationStore] IsServiceConfigured()
[2025-04-13 14:34:21Z INFO ConfigurationStore] IsServiceConfigured: False
[2025-04-13 14:34:21Z INFO CommandSettings] Command 'run': 'True'
[2025-04-13 14:34:21Z INFO ConfigurationStore] IsConfigured()
[2025-04-13 14:34:21Z INFO ConfigurationStore] IsConfigured: True
[2025-04-13 14:34:21Z INFO ConfigurationManager] Is configured: True
[2025-04-13 14:34:21Z INFO Runner] Could not parse the argument value '' for StartupType. Defaulting to Manual
[2025-04-13 14:34:21Z INFO Runner] Set runner startup type - Manual
[2025-04-13 14:34:21Z INFO CommandSettings] Flag 'once': 'False'
[2025-04-13 14:34:21Z INFO CommandSettings] Flag 'once': 'False'
[2025-04-13 14:34:21Z INFO Runner] RunAsync
[2025-04-13 14:34:21Z INFO ConfigurationManager] LoadSettings
[2025-04-13 14:34:21Z INFO ConfigurationStore] IsConfigured()
[2025-04-13 14:34:21Z INFO ConfigurationStore] IsConfigured: True
[2025-04-13 14:34:21Z INFO ConfigurationManager] Is configured: True
[2025-04-13 14:34:21Z INFO ConfigurationManager] Settings Loaded
[2025-04-13 14:34:21Z INFO MessageListener] {
  "AgentId": 21,
  "AgentName": "DESKTOP-368KI6K",
  "PoolId": 1,
  "PoolName": "Default",
  "ServerUrl": "https://pipelinesghubeus26.actions.githubusercontent.com/gRTGRm5GewqDL6a2vxHprAOwkbdnBzfx3ZggNgc0mh6qMOTX2e/",
  "GitHubUrl": "https://github.com/rsandeep45/helm-nginx-deploy",
  "WorkFolder": "_work"
}
[2025-04-13 14:34:21Z INFO MessageListener] Loading Credentials
[2025-04-13 14:34:21Z INFO ConfigurationStore] HasCredentials()
[2025-04-13 14:34:21Z INFO ConfigurationStore] stored True
[2025-04-13 14:34:21Z INFO CredentialManager] GetCredentialProvider
[2025-04-13 14:34:21Z INFO CredentialManager] Creating type OAuth
[2025-04-13 14:34:21Z INFO CredentialManager] Creating credential type: OAuth
[2025-04-13 14:34:21Z INFO HostContext] Well known directory 'Bin': 'E:\gitactions\actions-runner\bin'
[2025-04-13 14:34:21Z INFO HostContext] Well known directory 'Root': 'E:\gitactions\actions-runner'
[2025-04-13 14:34:21Z INFO HostContext] Well known config file 'RSACredentials': 'E:\gitactions\actions-runner\.credentials_rsaparams'
[2025-04-13 14:34:21Z INFO RSAEncryptedFileKeyManager] Loading RSA key parameters from file E:\gitactions\actions-runner\.credentials_rsaparams
[2025-04-13 14:34:22Z INFO MessageListener] Attempt to create session.
[2025-04-13 14:34:22Z INFO MessageListener] Connecting to the Runner Server...
[2025-04-13 14:34:22Z INFO RunnerServer] EstablishVssConnection
[2025-04-13 14:34:22Z INFO RunnerServer] Establish connection with 100 seconds timeout.
[2025-04-13 14:34:22Z INFO GitHubActionsService] Starting operation Location.GetConnectionData
[2025-04-13 14:34:22Z INFO RunnerServer] EstablishVssConnection
[2025-04-13 14:34:22Z INFO RunnerServer] Establish connection with 60 seconds timeout.
[2025-04-13 14:34:22Z INFO GitHubActionsService] Starting operation Location.GetConnectionData
[2025-04-13 14:34:22Z INFO RunnerServer] EstablishVssConnection
[2025-04-13 14:34:22Z INFO RunnerServer] Establish connection with 60 seconds timeout.
[2025-04-13 14:34:22Z INFO GitHubActionsService] Starting operation Location.GetConnectionData
[2025-04-13 14:34:23Z INFO GitHubActionsService] Finished operation Location.GetConnectionData
[2025-04-13 14:34:23Z INFO GitHubActionsService] Finished operation Location.GetConnectionData
[2025-04-13 14:34:24Z INFO GitHubActionsService] Finished operation Location.GetConnectionData
[2025-04-13 14:34:24Z INFO MessageListener] VssConnection created
[2025-04-13 14:34:24Z INFO Terminal] WRITE LINE: 
[2025-04-13 14:34:24Z INFO Terminal] WRITE LINE: 
[2025-04-13 14:34:24Z INFO RSAEncryptedFileKeyManager] Loading RSA key parameters from file E:\gitactions\actions-runner\.credentials_rsaparams
[2025-04-13 14:34:24Z INFO RSAEncryptedFileKeyManager] Loading RSA key parameters from file E:\gitactions\actions-runner\.credentials_rsaparams
[2025-04-13 14:34:25Z ERR  GitHubActionsService] POST request to https://tokenghub.actions.githubusercontent.com/_apis/oauth2/token/3da92d79-53b2-411f-bfb8-60a0462e0a9c failed. HTTP Status: BadRequest
[2025-04-13 14:34:25Z INFO GitHubActionsService] AAD Correlation ID for this token request: Unknown
[2025-04-13 14:34:25Z ERR  MessageListener] Catch exception during create session.
[2025-04-13 14:34:25Z ERR  MessageListener] GitHub.Services.OAuth.VssOAuthTokenRequestException: Registration was not found or is not medium trust. ClientType: 
   at GitHub.Services.OAuth.VssOAuthTokenProvider.OnGetTokenAsync(IssuedToken failedToken, CancellationToken cancellationToken)
   at GitHub.Services.Common.IssuedTokenProvider.GetTokenOperation.GetTokenAsync(VssTraceActivity traceActivity)
   at GitHub.Services.Common.IssuedTokenProvider.GetTokenAsync(IssuedToken failedToken, CancellationToken cancellationToken)
   at GitHub.Services.Common.VssHttpMessageHandler.SendAsync(HttpRequestMessage request, CancellationToken cancellationToken)
   at GitHub.Services.Common.VssHttpRetryMessageHandler.SendAsync(HttpRequestMessage request, CancellationToken cancellationToken)
   at System.Net.Http.HttpClient.<SendAsync>g__Core|83_0(HttpRequestMessage request, HttpCompletionOption completionOption, CancellationTokenSource cts, Boolean disposeCts, CancellationTokenSource pendingRequestsCts, CancellationToken originalCancellationToken)
   at GitHub.Services.WebApi.VssHttpClientBase.SendAsync(HttpRequestMessage message, HttpCompletionOption completionOption, Object userState, CancellationToken cancellationToken)
   at GitHub.Services.WebApi.VssHttpClientBase.SendAsync[T](HttpRequestMessage message, Object userState, CancellationToken cancellationToken)
   at GitHub.Services.WebApi.VssHttpClientBase.SendAsync[T](HttpMethod method, IEnumerable`1 additionalHeaders, Guid locationId, Object routeValues, ApiResourceVersion version, HttpContent content, IEnumerable`1 queryParameters, Object userState, CancellationToken cancellationToken)
   at GitHub.Runner.Listener.MessageListener.CreateSessionAsync(CancellationToken token)
[2025-04-13 14:34:25Z ERR  MessageListener] Test oauth app registration.
[2025-04-13 14:34:25Z INFO RSAEncryptedFileKeyManager] Loading RSA key parameters from file E:\gitactions\actions-runner\.credentials_rsaparams
[2025-04-13 14:34:26Z ERR  GitHubActionsService] POST request to https://tokenghub.actions.githubusercontent.com/_apis/oauth2/token/3da92d79-53b2-411f-bfb8-60a0462e0a9c failed. HTTP Status: BadRequest
[2025-04-13 14:34:26Z INFO GitHubActionsService] AAD Correlation ID for this token request: Unknown
[2025-04-13 14:34:26Z INFO MessageListener] Non-retriable exception: Registration was not found or is not medium trust. ClientType: 
[2025-04-13 14:34:26Z ERR  Terminal] WRITE ERROR: Failed to create session. Registration was not found or is not medium trust. ClientType: 
[2025-04-13 14:34:26Z INFO Listener] Runner execution has finished with return code 1
