[2025-04-13 14:55:25Z INFO HostContext] No proxy settings were found based on environmental variables (http_proxy/https_proxy/HTTP_PROXY/HTTPS_PROXY)
[2025-04-13 14:55:25Z INFO HostContext] Well known directory 'Bin': 'E:\gitactions\actions-runner\bin'
[2025-04-13 14:55:25Z INFO HostContext] Well known directory 'Root': 'E:\gitactions\actions-runner'
[2025-04-13 14:55:25Z INFO HostContext] Well known config file 'Credentials': 'E:\gitactions\actions-runner\.credentials'
[2025-04-13 14:55:25Z INFO HostContext] Well known directory 'Bin': 'E:\gitactions\actions-runner\bin'
[2025-04-13 14:55:25Z INFO HostContext] Well known directory 'Root': 'E:\gitactions\actions-runner'
[2025-04-13 14:55:25Z INFO HostContext] Well known config file 'Runner': 'E:\gitactions\actions-runner\.runner'
[2025-04-13 14:55:25Z INFO Listener] Runner is built for Windows (X64) - win-x64.
[2025-04-13 14:55:25Z INFO Listener] RuntimeInformation: Microsoft Windows 10.0.19045.
[2025-04-13 14:55:25Z INFO Listener] Version: 2.323.0
[2025-04-13 14:55:25Z INFO Listener] Commit: d8b82f44a9ec0258904d5869ae683c31d5aac299
[2025-04-13 14:55:25Z INFO Listener] Culture: en-IN
[2025-04-13 14:55:25Z INFO Listener] UI Culture: en-US
[2025-04-13 14:55:25Z INFO HostContext] Well known directory 'Bin': 'E:\gitactions\actions-runner\bin'
[2025-04-13 14:55:25Z INFO HostContext] Well known directory 'Root': 'E:\gitactions\actions-runner'
[2025-04-13 14:55:25Z INFO Listener] Validating directory permissions for: 'E:\gitactions\actions-runner'
[2025-04-13 14:55:25Z INFO CommandLineParser] Parse
[2025-04-13 14:55:25Z INFO CommandLineParser] Parsing 3 args
[2025-04-13 14:55:25Z INFO CommandLineParser] parsing argument
[2025-04-13 14:55:25Z INFO CommandLineParser] HasArgs: False
[2025-04-13 14:55:25Z INFO CommandLineParser] Adding Command: remove
[2025-04-13 14:55:25Z INFO CommandLineParser] parsing argument
[2025-04-13 14:55:25Z INFO CommandLineParser] HasArgs: True
[2025-04-13 14:55:25Z INFO CommandLineParser] arg: token
[2025-04-13 14:55:25Z INFO CommandLineParser] parsing argument
[2025-04-13 14:55:25Z INFO CommandLineParser] HasArgs: True
[2025-04-13 14:55:25Z INFO CommandLineParser] Adding option 'token': '***'
[2025-04-13 14:55:25Z INFO Listener] Arguments parsed
[2025-04-13 14:55:25Z INFO Runner] ExecuteCommand
[2025-04-13 14:55:25Z INFO ConfigurationStore] currentAssemblyLocation: E:\gitactions\actions-runner\bin\Runner.Listener.dll
[2025-04-13 14:55:25Z INFO HostContext] Well known directory 'Bin': 'E:\gitactions\actions-runner\bin'
[2025-04-13 14:55:25Z INFO ConfigurationStore] binPath: E:\gitactions\actions-runner\bin
[2025-04-13 14:55:25Z INFO HostContext] Well known directory 'Bin': 'E:\gitactions\actions-runner\bin'
[2025-04-13 14:55:25Z INFO HostContext] Well known directory 'Root': 'E:\gitactions\actions-runner'
[2025-04-13 14:55:25Z INFO ConfigurationStore] RootFolder: E:\gitactions\actions-runner
[2025-04-13 14:55:25Z INFO HostContext] Well known directory 'Bin': 'E:\gitactions\actions-runner\bin'
[2025-04-13 14:55:25Z INFO HostContext] Well known directory 'Root': 'E:\gitactions\actions-runner'
[2025-04-13 14:55:25Z INFO HostContext] Well known config file 'Runner': 'E:\gitactions\actions-runner\.runner'
[2025-04-13 14:55:25Z INFO ConfigurationStore] ConfigFilePath: E:\gitactions\actions-runner\.runner
[2025-04-13 14:55:25Z INFO HostContext] Well known directory 'Bin': 'E:\gitactions\actions-runner\bin'
[2025-04-13 14:55:25Z INFO HostContext] Well known directory 'Root': 'E:\gitactions\actions-runner'
[2025-04-13 14:55:25Z INFO HostContext] Well known config file 'MigratedRunner': 'E:\gitactions\actions-runner\.runner_migrated'
[2025-04-13 14:55:25Z INFO ConfigurationStore] MigratedConfigFilePath: E:\gitactions\actions-runner\.runner_migrated
[2025-04-13 14:55:25Z INFO HostContext] Well known directory 'Bin': 'E:\gitactions\actions-runner\bin'
[2025-04-13 14:55:25Z INFO HostContext] Well known directory 'Root': 'E:\gitactions\actions-runner'
[2025-04-13 14:55:25Z INFO HostContext] Well known config file 'Credentials': 'E:\gitactions\actions-runner\.credentials'
[2025-04-13 14:55:25Z INFO ConfigurationStore] CredFilePath: E:\gitactions\actions-runner\.credentials
[2025-04-13 14:55:25Z INFO HostContext] Well known directory 'Bin': 'E:\gitactions\actions-runner\bin'
[2025-04-13 14:55:25Z INFO HostContext] Well known directory 'Root': 'E:\gitactions\actions-runner'
[2025-04-13 14:55:25Z INFO HostContext] Well known config file 'MigratedCredentials': 'E:\gitactions\actions-runner\.credentials_migrated'
[2025-04-13 14:55:25Z INFO ConfigurationStore] MigratedCredFilePath: E:\gitactions\actions-runner\.credentials_migrated
[2025-04-13 14:55:25Z INFO HostContext] Well known directory 'Bin': 'E:\gitactions\actions-runner\bin'
[2025-04-13 14:55:25Z INFO HostContext] Well known directory 'Root': 'E:\gitactions\actions-runner'
[2025-04-13 14:55:25Z INFO HostContext] Well known config file 'Service': 'E:\gitactions\actions-runner\.service'
[2025-04-13 14:55:25Z INFO ConfigurationStore] ServiceConfigFilePath: E:\gitactions\actions-runner\.service
[2025-04-13 14:55:25Z INFO CommandSettings] Flag 'help': 'False'
[2025-04-13 14:55:25Z INFO CommandSettings] Flag 'version': 'False'
[2025-04-13 14:55:25Z INFO CommandSettings] Flag 'commit': 'False'
[2025-04-13 14:55:25Z INFO CommandSettings] Flag 'check': 'False'
[2025-04-13 14:55:25Z INFO CommandSettings] Command 'configure': 'False'
[2025-04-13 14:55:25Z INFO CommandSettings] Command 'remove': 'True'
[2025-04-13 14:55:25Z INFO CommandSettings] Flag 'local': 'False'
[2025-04-13 14:55:25Z INFO ConfigurationStore] IsServiceConfigured()
[2025-04-13 14:55:25Z INFO ConfigurationStore] IsServiceConfigured: False
[2025-04-13 14:55:25Z INFO ConfigurationStore] IsConfigured()
[2025-04-13 14:55:25Z INFO ConfigurationStore] IsConfigured: True
[2025-04-13 14:55:25Z INFO ConfigurationStore] HasCredentials()
[2025-04-13 14:55:25Z INFO ConfigurationStore] stored True
[2025-04-13 14:55:25Z INFO ConfigurationStore] Read setting file: 319 chars
[2025-04-13 14:55:25Z INFO CommandSettings] Arg 'token': '***'
[2025-04-13 14:55:25Z INFO CommandSettings] Remove token from Arg dictionary.
[2025-04-13 14:55:27Z INFO ConfigurationManager] Http response code: OK from 'POST https://api.github.com/actions/runner-registration' (DDC6:299C28:2B90:3AF2:67FBD05F)
[2025-04-13 14:55:27Z INFO ConfigurationManager] cred retrieved via GitHub auth
[2025-04-13 14:55:27Z INFO RunnerServer] EstablishVssConnection
[2025-04-13 14:55:27Z INFO RunnerServer] Establish connection with 100 seconds timeout.
[2025-04-13 14:55:28Z INFO GitHubActionsService] Starting operation Location.GetConnectionData
[2025-04-13 14:55:28Z INFO RunnerServer] EstablishVssConnection
[2025-04-13 14:55:28Z INFO RunnerServer] Establish connection with 60 seconds timeout.
[2025-04-13 14:55:28Z INFO GitHubActionsService] Starting operation Location.GetConnectionData
[2025-04-13 14:55:28Z INFO RunnerServer] EstablishVssConnection
[2025-04-13 14:55:28Z INFO RunnerServer] Establish connection with 60 seconds timeout.
[2025-04-13 14:55:28Z INFO GitHubActionsService] Starting operation Location.GetConnectionData
[2025-04-13 14:55:29Z INFO GitHubActionsService] Finished operation Location.GetConnectionData
[2025-04-13 14:55:29Z INFO GitHubActionsService] Finished operation Location.GetConnectionData
[2025-04-13 14:55:29Z INFO GitHubActionsService] Finished operation Location.GetConnectionData
[2025-04-13 14:55:29Z INFO Terminal] WRITE LINE: Does not exist. Skipping Removing runner from the server
[2025-04-13 14:55:29Z INFO ConfigurationStore] IsConfigured()
[2025-04-13 14:55:29Z INFO ConfigurationStore] IsConfigured: True
[2025-04-13 14:55:29Z INFO ConfigurationStore] HasCredentials()
[2025-04-13 14:55:29Z INFO ConfigurationStore] stored True
[2025-04-13 14:55:29Z INFO HostContext] Well known directory 'Bin': 'E:\gitactions\actions-runner\bin'
[2025-04-13 14:55:29Z INFO HostContext] Well known directory 'Root': 'E:\gitactions\actions-runner'
[2025-04-13 14:55:29Z INFO HostContext] Well known config file 'RSACredentials': 'E:\gitactions\actions-runner\.credentials_rsaparams'
[2025-04-13 14:55:29Z INFO RSAEncryptedFileKeyManager] Deleting RSA key parameters file E:\gitactions\actions-runner\.credentials_rsaparams
[2025-04-13 14:55:29Z INFO Terminal] WRITE LINE: 
[2025-04-13 14:55:29Z INFO Listener] Runner execution has finished with return code 0
